2023-06-14T15:26:32.1645967-03:00  [INF] Starting Duende IdentityServer version "6.2.1+bda14c367eb8a85f3dae614fa0ac1005bb13dfdc" (".NET 7.0.7") (ae753c2a)
2023-06-14T15:26:32.5490803-03:00  [WRN] You do not have a valid license key for the Duende software. This is allowed for development and testing scenarios. If you are running in production you are required to have a licensed version. Please start a conversation with us: https://duendesoftware.com/contact (c0bcb7a8)
2023-06-14T15:26:32.5546977-03:00  [INF] You are using the in-memory version of the persisted grant store. This will store consent decisions, authorization codes, refresh and reference tokens in memory only. If you are using any of those features in production, you want to switch to a different store implementation. (553c312b)
2023-06-14T15:26:32.5617097-03:00  [INF] Using the default authentication scheme "Bearer" for IdentityServer (4a54f457)
2023-06-14T15:26:32.5630913-03:00  [INF] Authentication scheme "Bearer" is configured for IdentityServer, but it is not a scheme that supports signin (like cookies). If you support interactive logins via the browser, then a cookie-based scheme should be used. (70b7fc41)
2023-06-14T15:26:38.4147487-03:00  [INF] Generating inbuilt accounts (d5983574)
2023-06-14T15:26:38.5814885-03:00  [INF] Generating default role: administrator (6378380e)
2023-06-14T15:26:38.9540882-03:00  [INF] Generating default role: user (66af5219)
2023-06-14T15:26:38.9653191-03:00  [INF] Generating default user: admin (e9745755)
2023-06-14T15:26:39.3543727-03:00  [INF] Generating default user: user (40664e01)
2023-06-14T15:26:39.5526088-03:00  [INF] Inbuilt account generation completed (a663d88d)
2023-06-14T15:26:39.5698342-03:00  [INF] Seeding demo data (450ab6b6)
2023-06-14T15:26:39.9018037-03:00  [INF] Seeding demo data completed (9ad589ff)
2023-06-14T15:26:40.3960830-03:00  [INF] Now listening on: "https://localhost:44350" (d826f4b8)
2023-06-14T15:26:40.3985970-03:00  [INF] Now listening on: "http://localhost:5050" (d826f4b8)
2023-06-14T15:26:40.4008197-03:00  [INF] Application started. Press Ctrl+C to shut down. (dcaefe54)
2023-06-14T15:26:40.4026811-03:00  [INF] Hosting environment: "Development" (bc5a1a4e)
2023-06-14T15:26:40.4045784-03:00  [INF] Content root path: "C:\Projetos\4uCode\Desafio4Devs\src\AppDesafio\AppDesafio" (cc26f24e)
2023-06-14T15:26:46.4061037-03:00 0HMRD0JITJ6TP:00000001 [INF] No SPA development server running at https://localhost:44450 found. (faa82a70)
2023-06-14T15:26:46.5646422-03:00 0HMRD0JITJ6TP:00000001 [INF] SPA proxy is not ready. Returning temporary landing page. (72ef90a5)
2023-06-14T15:26:55.1942999-03:00 0HMRD0JITJ6TP:00000005 [INF] SPA proxy is not ready. Returning temporary landing page. (72ef90a5)
2023-06-14T15:27:02.4851230-03:00 0HMRD0JITJ6TR:00000001 [INF] SPA proxy is not ready. Returning temporary landing page. (72ef90a5)
2023-06-14T15:27:09.7402304-03:00 0HMRD0JITJ6TR:00000003 [INF] SPA proxy is not ready. Returning temporary landing page. (72ef90a5)
2023-06-14T15:27:20.9970997-03:00 0HMRD0JITJ6TS:00000001 [INF] SPA proxy is not ready. Returning temporary landing page. (72ef90a5)
2023-06-14T15:28:30.9953252-03:00 0HMRD0JITJ6TP:00000001 [INF] SPA development server running at 'https://localhost:44450' (88247629)
2023-06-14T15:29:15.7656917-03:00 0HMRD0JITJ6TT:00000001 [INF] Invoking IdentityServer endpoint: "Duende.IdentityServer.Endpoints.TokenEndpoint" for "/connect/token" (f7642de5)
2023-06-14T15:29:16.3832341-03:00 0HMRD0JITJ6TT:00000001 [INF] Credentials validated for username: "admin" (cb811aa7)
2023-06-14T15:29:16.4730591-03:00 0HMRD0JITJ6TT:00000001 [INF] Token request validation success, TokenRequestValidationLog { ClientId: "quickapp_spa", ClientName: null, GrantType: "password", Scopes: "email offline_access openid phone profile quickapp_api roles", AuthorizationCode: "********", RefreshToken: "********", UserName: "admin", AuthenticationContextReferenceClasses: null, Tenant: null, IdP: null, Raw: [("username": "admin"), ("password": "***REDACTED***"), ("client_id": "quickapp_spa"), ("grant_type": "password"), ("scope": "openid email phone profile offline_access roles quickapp_api")] } (3a073258)
2023-06-14T15:30:46.1353069-03:00 0HMRD0JITJ6U0:00000001 [INF] Invoking IdentityServer endpoint: "Duende.IdentityServer.Endpoints.DiscoveryEndpoint" for "/.well-known/openid-configuration" (f7642de5)
2023-06-14T15:30:46.2986487-03:00 0HMRD0JITJ6U0:00000002 [INF] Invoking IdentityServer endpoint: "Duende.IdentityServer.Endpoints.DiscoveryKeyEndpoint" for "/.well-known/openid-configuration/jwks" (f7642de5)
2023-06-14T16:14:16.9119058-03:00  [INF] Starting Duende IdentityServer version "6.2.1+bda14c367eb8a85f3dae614fa0ac1005bb13dfdc" (".NET 7.0.7") (ae753c2a)
2023-06-14T16:14:17.0027096-03:00  [WRN] You do not have a valid license key for the Duende software. This is allowed for development and testing scenarios. If you are running in production you are required to have a licensed version. Please start a conversation with us: https://duendesoftware.com/contact (c0bcb7a8)
2023-06-14T16:14:17.0070654-03:00  [INF] You are using the in-memory version of the persisted grant store. This will store consent decisions, authorization codes, refresh and reference tokens in memory only. If you are using any of those features in production, you want to switch to a different store implementation. (553c312b)
2023-06-14T16:14:17.0145337-03:00  [INF] Using the default authentication scheme "Bearer" for IdentityServer (4a54f457)
2023-06-14T16:14:17.0161257-03:00  [INF] Authentication scheme "Bearer" is configured for IdentityServer, but it is not a scheme that supports signin (like cookies). If you support interactive logins via the browser, then a cookie-based scheme should be used. (70b7fc41)
2023-06-14T16:14:20.9045817-03:00  [INF] Now listening on: "https://localhost:44350" (d826f4b8)
2023-06-14T16:14:20.9072363-03:00  [INF] Now listening on: "http://localhost:5050" (d826f4b8)
2023-06-14T16:14:20.9099760-03:00  [INF] Application started. Press Ctrl+C to shut down. (dcaefe54)
2023-06-14T16:14:20.9122943-03:00  [INF] Hosting environment: "Development" (bc5a1a4e)
2023-06-14T16:14:20.9145869-03:00  [INF] Content root path: "C:\Projetos\4uCode\Desafio4Devs\src\AppDesafio\AppDesafio" (cc26f24e)
2023-06-14T16:14:26.1313089-03:00 0HMRD1E7DC9PF:00000001 [INF] No SPA development server running at https://localhost:44450 found. (faa82a70)
2023-06-14T16:14:26.3546695-03:00 0HMRD1E7DC9PF:00000001 [INF] SPA proxy is not ready. Returning temporary landing page. (72ef90a5)
2023-06-14T16:14:34.3067557-03:00 0HMRD1E7DC9PF:00000003 [INF] SPA proxy is not ready. Returning temporary landing page. (72ef90a5)
2023-06-14T16:14:42.6864689-03:00 0HMRD1E7DC9PG:00000001 [INF] SPA proxy is not ready. Returning temporary landing page. (72ef90a5)
2023-06-14T16:14:56.4145185-03:00 0HMRD1E7DC9PF:00000001 [INF] SPA development server running at 'https://localhost:44450' (88247629)
2023-06-14T16:17:05.7906421-03:00 0HMRD1E7DC9PH:00000001 [INF] Invoking IdentityServer endpoint: "Duende.IdentityServer.Endpoints.TokenEndpoint" for "/connect/token" (f7642de5)
2023-06-14T16:17:06.5158472-03:00 0HMRD1E7DC9PH:00000001 [INF] Credentials validated for username: "admin" (cb811aa7)
2023-06-14T16:17:06.5755329-03:00 0HMRD1E7DC9PH:00000001 [INF] Token request validation success, TokenRequestValidationLog { ClientId: "quickapp_spa", ClientName: null, GrantType: "password", Scopes: "email offline_access openid phone profile quickapp_api roles", AuthorizationCode: "********", RefreshToken: "********", UserName: "admin", AuthenticationContextReferenceClasses: null, Tenant: null, IdP: null, Raw: [("username": "admin"), ("password": "***REDACTED***"), ("client_id": "quickapp_spa"), ("grant_type": "password"), ("scope": "openid email phone profile offline_access roles quickapp_api")] } (3a073258)
2023-06-14T16:17:30.7049339-03:00 0HMRD1E7DC9PK:00000001 [INF] Invoking IdentityServer endpoint: "Duende.IdentityServer.Endpoints.DiscoveryEndpoint" for "/.well-known/openid-configuration" (f7642de5)
2023-06-14T16:17:30.8209832-03:00 0HMRD1E7DC9PK:00000002 [INF] Invoking IdentityServer endpoint: "Duende.IdentityServer.Endpoints.DiscoveryKeyEndpoint" for "/.well-known/openid-configuration/jwks" (f7642de5)
2023-06-14T16:33:36.1669636-03:00  [INF] Starting Duende IdentityServer version "6.2.1+bda14c367eb8a85f3dae614fa0ac1005bb13dfdc" (".NET 7.0.7") (ae753c2a)
2023-06-14T16:33:36.3283094-03:00  [WRN] You do not have a valid license key for the Duende software. This is allowed for development and testing scenarios. If you are running in production you are required to have a licensed version. Please start a conversation with us: https://duendesoftware.com/contact (c0bcb7a8)
2023-06-14T16:33:36.3412524-03:00  [INF] You are using the in-memory version of the persisted grant store. This will store consent decisions, authorization codes, refresh and reference tokens in memory only. If you are using any of those features in production, you want to switch to a different store implementation. (553c312b)
2023-06-14T16:33:36.3675704-03:00  [INF] Using the default authentication scheme "Bearer" for IdentityServer (4a54f457)
2023-06-14T16:33:36.3708366-03:00  [INF] Authentication scheme "Bearer" is configured for IdentityServer, but it is not a scheme that supports signin (like cookies). If you support interactive logins via the browser, then a cookie-based scheme should be used. (70b7fc41)
2023-06-14T16:33:41.7378469-03:00  [INF] Now listening on: "https://localhost:44350" (d826f4b8)
2023-06-14T16:33:41.7406597-03:00  [INF] Now listening on: "http://localhost:5050" (d826f4b8)
2023-06-14T16:33:41.7436630-03:00  [INF] Application started. Press Ctrl+C to shut down. (dcaefe54)
2023-06-14T16:33:41.7464685-03:00  [INF] Hosting environment: "Development" (bc5a1a4e)
2023-06-14T16:33:41.7498571-03:00  [INF] Content root path: "C:\Projetos\4uCode\Desafio4Devs\src\AppDesafio\AppDesafio" (cc26f24e)
2023-06-14T16:33:47.9109167-03:00 0HMRD1P1E60SM:00000001 [INF] No SPA development server running at https://localhost:44450 found. (faa82a70)
2023-06-14T16:33:48.1321331-03:00 0HMRD1P1E60SM:00000001 [INF] SPA proxy is not ready. Returning temporary landing page. (72ef90a5)
2023-06-14T16:33:56.7434156-03:00 0HMRD1P1E60SM:00000003 [INF] SPA proxy is not ready. Returning temporary landing page. (72ef90a5)
2023-06-14T16:34:04.1258248-03:00 0HMRD1P1E60SN:00000001 [INF] SPA proxy is not ready. Returning temporary landing page. (72ef90a5)
2023-06-14T16:34:17.3670634-03:00 0HMRD1P1E60SN:00000003 [INF] SPA proxy is not ready. Returning temporary landing page. (72ef90a5)
2023-06-14T16:34:30.5791253-03:00 0HMRD1P1E60SO:00000001 [INF] SPA proxy is not ready. Returning temporary landing page. (72ef90a5)
2023-06-14T16:34:43.9299436-03:00 0HMRD1P1E60SO:00000003 [INF] SPA proxy is not ready. Returning temporary landing page. (72ef90a5)
2023-06-14T16:34:53.7951840-03:00 0HMRD1P1E60SO:00000005 [INF] SPA proxy is ready. Redirecting to https://localhost:44450. (8ea0a81a)
2023-06-14T16:34:53.7977420-03:00 0HMRD1P1E60SM:00000001 [INF] SPA development server running at 'https://localhost:44450' (88247629)
2023-06-14T16:35:04.2369317-03:00 0HMRD1P1E60SP:00000001 [INF] Invoking IdentityServer endpoint: "Duende.IdentityServer.Endpoints.TokenEndpoint" for "/connect/token" (f7642de5)
2023-06-14T16:35:04.7444338-03:00 0HMRD1P1E60SP:00000001 [INF] Credentials validated for username: "admin" (cb811aa7)
2023-06-14T16:35:04.8068738-03:00 0HMRD1P1E60SP:00000001 [INF] Token request validation success, TokenRequestValidationLog { ClientId: "quickapp_spa", ClientName: null, GrantType: "password", Scopes: "email offline_access openid phone profile quickapp_api roles", AuthorizationCode: "********", RefreshToken: "********", UserName: "admin", AuthenticationContextReferenceClasses: null, Tenant: null, IdP: null, Raw: [("username": "admin"), ("password": "***REDACTED***"), ("client_id": "quickapp_spa"), ("grant_type": "password"), ("scope": "openid email phone profile offline_access roles quickapp_api")] } (3a073258)
2023-06-14T16:35:10.5596223-03:00 0HMRD1P1E60SS:00000001 [INF] Invoking IdentityServer endpoint: "Duende.IdentityServer.Endpoints.DiscoveryEndpoint" for "/.well-known/openid-configuration" (f7642de5)
2023-06-14T16:35:10.6998526-03:00 0HMRD1P1E60SS:00000002 [INF] Invoking IdentityServer endpoint: "Duende.IdentityServer.Endpoints.DiscoveryKeyEndpoint" for "/.well-known/openid-configuration/jwks" (f7642de5)
2023-06-14T16:46:16.0989774-03:00 0HMRD1P1E60T1:00000001 [INF] Invoking IdentityServer endpoint: "Duende.IdentityServer.Endpoints.TokenEndpoint" for "/connect/token" (f7642de5)
2023-06-14T16:46:17.7645081-03:00 0HMRD1P1E60T1:00000001 [INF] Credentials validated for username: "admin" (cb811aa7)
2023-06-14T16:46:17.7818391-03:00 0HMRD1P1E60T1:00000001 [INF] Token request validation success, TokenRequestValidationLog { ClientId: "quickapp_spa", ClientName: null, GrantType: "password", Scopes: "email offline_access openid phone profile quickapp_api roles", AuthorizationCode: "********", RefreshToken: "********", UserName: "admin", AuthenticationContextReferenceClasses: null, Tenant: null, IdP: null, Raw: [("username": "admin"), ("password": "***REDACTED***"), ("client_id": "quickapp_spa"), ("grant_type": "password"), ("scope": "openid email phone profile offline_access roles quickapp_api")] } (3a073258)
